[0.486s] Invoking command in '/home/himel/rosnv_ws/src/tway_follr': PYTHONPATH=/home/himel/rosnv_ws/build/tway_follr/prefix_override:/usr/lib/python3/dist-packages/colcon_core/task/python/colcon_distutils_commands:/home/himel/rosnv_ws/install/tway_follr/lib/python3.10/site-packages:${PYTHONPATH} /usr/bin/python3 -W ignore:setup.py install is deprecated -W ignore:easy_install command is deprecated setup.py egg_info --egg-base ../../build/tway_follr build --build-base /home/himel/rosnv_ws/build/tway_follr/build install --record /home/himel/rosnv_ws/build/tway_follr/install.log --single-version-externally-managed install_data
[0.678s] running egg_info
[0.678s] writing ../../build/tway_follr/tway_follr.egg-info/PKG-INFO
[0.679s] writing dependency_links to ../../build/tway_follr/tway_follr.egg-info/dependency_links.txt
[0.679s] writing entry points to ../../build/tway_follr/tway_follr.egg-info/entry_points.txt
[0.679s] writing requirements to ../../build/tway_follr/tway_follr.egg-info/requires.txt
[0.679s] writing top-level names to ../../build/tway_follr/tway_follr.egg-info/top_level.txt
[0.680s] reading manifest file '../../build/tway_follr/tway_follr.egg-info/SOURCES.txt'
[0.680s] writing manifest file '../../build/tway_follr/tway_follr.egg-info/SOURCES.txt'
[0.680s] running build
[0.681s] running build_py
[0.681s] running install
[0.681s] running install_lib
[0.682s] running install_data
[0.682s] running install_egg_info
[0.683s] removing '/home/himel/rosnv_ws/install/tway_follr/lib/python3.10/site-packages/tway_follr-0.0.0-py3.10.egg-info' (and everything under it)
[0.683s] Copying ../../build/tway_follr/tway_follr.egg-info to /home/himel/rosnv_ws/install/tway_follr/lib/python3.10/site-packages/tway_follr-0.0.0-py3.10.egg-info
[0.684s] running install_scripts
[0.699s] Installing tway_follr_node script to /home/himel/rosnv_ws/install/tway_follr/lib/tway_follr
[0.699s] writing list of installed files to '/home/himel/rosnv_ws/build/tway_follr/install.log'
[0.722s] Invoked command in '/home/himel/rosnv_ws/src/tway_follr' returned '0': PYTHONPATH=/home/himel/rosnv_ws/build/tway_follr/prefix_override:/usr/lib/python3/dist-packages/colcon_core/task/python/colcon_distutils_commands:/home/himel/rosnv_ws/install/tway_follr/lib/python3.10/site-packages:${PYTHONPATH} /usr/bin/python3 -W ignore:setup.py install is deprecated -W ignore:easy_install command is deprecated setup.py egg_info --egg-base ../../build/tway_follr build --build-base /home/himel/rosnv_ws/build/tway_follr/build install --record /home/himel/rosnv_ws/build/tway_follr/install.log --single-version-externally-managed install_data
