[0.089s] DEBUG:colcon:Command line arguments: ['/usr/bin/colcon', 'build', '--symlink-install']
[0.089s] DEBUG:colcon:Parsed command line arguments: Namespace(log_base=None, log_level=None, verb_name='build', build_base='build', install_base='install', merge_install=False, symlink_install=True, test_result_base=None, continue_on_error=False, executor='parallel', parallel_workers=8, event_handlers=None, ignore_user_meta=False, metas=['./colcon.meta'], base_paths=['.'], packages_ignore=None, packages_ignore_regex=None, paths=None, packages_up_to=None, packages_up_to_regex=None, packages_above=None, packages_above_and_dependencies=None, packages_above_depth=None, packages_select_by_dep=None, packages_skip_by_dep=None, packages_skip_up_to=None, packages_select_build_failed=False, packages_skip_build_finished=False, packages_select_test_failures=False, packages_skip_test_passed=False, packages_select=None, packages_skip=None, packages_select_regex=None, packages_skip_regex=None, packages_start=None, packages_end=None, cmake_args=None, cmake_target=None, cmake_target_skip_unavailable=False, cmake_clean_cache=False, cmake_clean_first=False, cmake_force_configure=False, ament_cmake_args=None, catkin_cmake_args=None, catkin_skip_building_tests=False, mixin_files=None, mixin=None, verb_parser=<colcon_mixin.mixin.mixin_argument.MixinArgumentDecorator object at 0x7ff39e96fa30>, verb_extension=<colcon_core.verb.build.BuildVerb object at 0x7ff39eabc910>, main=<bound method BuildVerb.main of <colcon_core.verb.build.BuildVerb object at 0x7ff39eabc910>>, mixin_verb=('build',))
[0.243s] Level 1:colcon.colcon_core.package_discovery:discover_packages(colcon_meta) check parameters
[0.244s] Level 1:colcon.colcon_core.package_discovery:discover_packages(recursive) check parameters
[0.244s] Level 1:colcon.colcon_core.package_discovery:discover_packages(ignore) check parameters
[0.244s] Level 1:colcon.colcon_core.package_discovery:discover_packages(path) check parameters
[0.244s] Level 1:colcon.colcon_core.package_discovery:discover_packages(colcon_meta) discover
[0.244s] Level 1:colcon.colcon_core.package_discovery:discover_packages(recursive) discover
[0.244s] INFO:colcon.colcon_core.package_discovery:Crawling recursively for packages in '/home/himel/rosnv_ws'
[0.244s] Level 1:colcon.colcon_core.package_identification:_identify(.) by extensions ['ignore', 'ignore_ament_install']
[0.244s] Level 1:colcon.colcon_core.package_identification:_identify(.) by extension 'ignore'
[0.244s] Level 1:colcon.colcon_core.package_identification:_identify(.) by extension 'ignore_ament_install'
[0.244s] Level 1:colcon.colcon_core.package_identification:_identify(.) by extensions ['colcon_pkg']
[0.244s] Level 1:colcon.colcon_core.package_identification:_identify(.) by extension 'colcon_pkg'
[0.244s] Level 1:colcon.colcon_core.package_identification:_identify(.) by extensions ['colcon_meta']
[0.244s] Level 1:colcon.colcon_core.package_identification:_identify(.) by extension 'colcon_meta'
[0.244s] Level 1:colcon.colcon_core.package_identification:_identify(.) by extensions ['ros']
[0.244s] Level 1:colcon.colcon_core.package_identification:_identify(.) by extension 'ros'
[0.253s] Level 1:colcon.colcon_core.package_identification:_identify(.) by extensions ['cmake', 'python']
[0.253s] Level 1:colcon.colcon_core.package_identification:_identify(.) by extension 'cmake'
[0.253s] Level 1:colcon.colcon_core.package_identification:_identify(.) by extension 'python'
[0.253s] Level 1:colcon.colcon_core.package_identification:_identify(.) by extensions ['python_setup_py']
[0.253s] Level 1:colcon.colcon_core.package_identification:_identify(.) by extension 'python_setup_py'
[0.253s] Level 1:colcon.colcon_core.package_identification:_identify(build) by extensions ['ignore', 'ignore_ament_install']
[0.253s] Level 1:colcon.colcon_core.package_identification:_identify(build) by extension 'ignore'
[0.253s] Level 1:colcon.colcon_core.package_identification:_identify(build) ignored
[0.254s] Level 1:colcon.colcon_core.package_identification:_identify(install) by extensions ['ignore', 'ignore_ament_install']
[0.254s] Level 1:colcon.colcon_core.package_identification:_identify(install) by extension 'ignore'
[0.254s] Level 1:colcon.colcon_core.package_identification:_identify(install) ignored
[0.254s] Level 1:colcon.colcon_core.package_identification:_identify(log) by extensions ['ignore', 'ignore_ament_install']
[0.254s] Level 1:colcon.colcon_core.package_identification:_identify(log) by extension 'ignore'
[0.254s] Level 1:colcon.colcon_core.package_identification:_identify(log) ignored
[0.254s] Level 1:colcon.colcon_core.package_identification:_identify(src) by extensions ['ignore', 'ignore_ament_install']
[0.254s] Level 1:colcon.colcon_core.package_identification:_identify(src) by extension 'ignore'
[0.254s] Level 1:colcon.colcon_core.package_identification:_identify(src) by extension 'ignore_ament_install'
[0.254s] Level 1:colcon.colcon_core.package_identification:_identify(src) by extensions ['colcon_pkg']
[0.254s] Level 1:colcon.colcon_core.package_identification:_identify(src) by extension 'colcon_pkg'
[0.254s] Level 1:colcon.colcon_core.package_identification:_identify(src) by extensions ['colcon_meta']
[0.254s] Level 1:colcon.colcon_core.package_identification:_identify(src) by extension 'colcon_meta'
[0.254s] Level 1:colcon.colcon_core.package_identification:_identify(src) by extensions ['ros']
[0.254s] Level 1:colcon.colcon_core.package_identification:_identify(src) by extension 'ros'
[0.254s] Level 1:colcon.colcon_core.package_identification:_identify(src) by extensions ['cmake', 'python']
[0.254s] Level 1:colcon.colcon_core.package_identification:_identify(src) by extension 'cmake'
[0.254s] Level 1:colcon.colcon_core.package_identification:_identify(src) by extension 'python'
[0.254s] Level 1:colcon.colcon_core.package_identification:_identify(src) by extensions ['python_setup_py']
[0.254s] Level 1:colcon.colcon_core.package_identification:_identify(src) by extension 'python_setup_py'
[0.254s] Level 1:colcon.colcon_core.package_identification:_identify(src/tway_follr) by extensions ['ignore', 'ignore_ament_install']
[0.254s] Level 1:colcon.colcon_core.package_identification:_identify(src/tway_follr) by extension 'ignore'
[0.254s] Level 1:colcon.colcon_core.package_identification:_identify(src/tway_follr) by extension 'ignore_ament_install'
[0.254s] Level 1:colcon.colcon_core.package_identification:_identify(src/tway_follr) by extensions ['colcon_pkg']
[0.254s] Level 1:colcon.colcon_core.package_identification:_identify(src/tway_follr) by extension 'colcon_pkg'
[0.254s] Level 1:colcon.colcon_core.package_identification:_identify(src/tway_follr) by extensions ['colcon_meta']
[0.254s] Level 1:colcon.colcon_core.package_identification:_identify(src/tway_follr) by extension 'colcon_meta'
[0.254s] Level 1:colcon.colcon_core.package_identification:_identify(src/tway_follr) by extensions ['ros']
[0.255s] Level 1:colcon.colcon_core.package_identification:_identify(src/tway_follr) by extension 'ros'
[0.256s] DEBUG:colcon.colcon_core.package_identification:Package 'src/tway_follr' with type 'ros.ament_python' and name 'tway_follr'
[0.256s] Level 1:colcon.colcon_core.package_discovery:discover_packages(recursive) using defaults
[0.257s] Level 1:colcon.colcon_core.package_discovery:discover_packages(ignore) discover
[0.257s] Level 1:colcon.colcon_core.package_discovery:discover_packages(ignore) using defaults
[0.257s] Level 1:colcon.colcon_core.package_discovery:discover_packages(path) discover
[0.257s] Level 1:colcon.colcon_core.package_discovery:discover_packages(path) using defaults
[0.290s] Level 5:colcon.colcon_core.verb:set package 'tway_follr' build argument 'cmake_args' from command line to 'None'
[0.290s] Level 5:colcon.colcon_core.verb:set package 'tway_follr' build argument 'cmake_target' from command line to 'None'
[0.290s] Level 5:colcon.colcon_core.verb:set package 'tway_follr' build argument 'cmake_target_skip_unavailable' from command line to 'False'
[0.290s] Level 5:colcon.colcon_core.verb:set package 'tway_follr' build argument 'cmake_clean_cache' from command line to 'False'
[0.290s] Level 5:colcon.colcon_core.verb:set package 'tway_follr' build argument 'cmake_clean_first' from command line to 'False'
[0.290s] Level 5:colcon.colcon_core.verb:set package 'tway_follr' build argument 'cmake_force_configure' from command line to 'False'
[0.290s] Level 5:colcon.colcon_core.verb:set package 'tway_follr' build argument 'ament_cmake_args' from command line to 'None'
[0.290s] Level 5:colcon.colcon_core.verb:set package 'tway_follr' build argument 'catkin_cmake_args' from command line to 'None'
[0.290s] Level 5:colcon.colcon_core.verb:set package 'tway_follr' build argument 'catkin_skip_building_tests' from command line to 'False'
[0.290s] DEBUG:colcon.colcon_core.verb:Building package 'tway_follr' with the following arguments: {'ament_cmake_args': None, 'build_base': '/home/himel/rosnv_ws/build/tway_follr', 'catkin_cmake_args': None, 'catkin_skip_building_tests': False, 'cmake_args': None, 'cmake_clean_cache': False, 'cmake_clean_first': False, 'cmake_force_configure': False, 'cmake_target': None, 'cmake_target_skip_unavailable': False, 'install_base': '/home/himel/rosnv_ws/install/tway_follr', 'merge_install': False, 'path': '/home/himel/rosnv_ws/src/tway_follr', 'symlink_install': True, 'test_result_base': None}
[0.290s] INFO:colcon.colcon_core.executor:Executing jobs using 'parallel' executor
[0.291s] DEBUG:colcon.colcon_parallel_executor.executor.parallel:run_until_complete
[0.292s] INFO:colcon.colcon_ros.task.ament_python.build:Building ROS package in '/home/himel/rosnv_ws/src/tway_follr' with build type 'ament_python'
[0.292s] Level 1:colcon.colcon_core.shell:create_environment_hook('tway_follr', 'ament_prefix_path')
[0.294s] INFO:colcon.colcon_core.plugin_system:Skipping extension 'colcon_core.shell.bat': Not used on non-Windows systems
[0.294s] INFO:colcon.colcon_core.shell:Creating environment hook '/home/himel/rosnv_ws/install/tway_follr/share/tway_follr/hook/ament_prefix_path.ps1'
[0.295s] INFO:colcon.colcon_core.shell:Creating environment descriptor '/home/himel/rosnv_ws/install/tway_follr/share/tway_follr/hook/ament_prefix_path.dsv'
[0.295s] INFO:colcon.colcon_core.shell:Creating environment hook '/home/himel/rosnv_ws/install/tway_follr/share/tway_follr/hook/ament_prefix_path.sh'
[0.296s] INFO:colcon.colcon_core.shell:Skip shell extension 'powershell' for command environment: Not usable outside of PowerShell
[0.296s] DEBUG:colcon.colcon_core.shell:Skip shell extension 'dsv' for command environment
[0.297s] WARNING:colcon.colcon_ros.prefix_path.catkin:The path '/opt/ros/humble/opt/pybind11_vendor' in the environment variable CMAKE_PREFIX_PATH doesn't exist
[0.510s] INFO:colcon.colcon_core.task.python.build:Building Python package in '/home/himel/rosnv_ws/src/tway_follr'
[0.510s] INFO:colcon.colcon_core.shell:Skip shell extension 'powershell' for command environment: Not usable outside of PowerShell
[0.510s] DEBUG:colcon.colcon_core.shell:Skip shell extension 'dsv' for command environment
[0.849s] DEBUG:colcon.colcon_core.task.python.build:While undoing a previous installation files outside the Python library path are being ignored: /home/himel/rosnv_ws/install/tway_follr/share/ament_index/resource_index/packages/tway_follr
[0.849s] DEBUG:colcon.colcon_core.task.python.build:While undoing a previous installation files outside the Python library path are being ignored: /home/himel/rosnv_ws/install/tway_follr/share/tway_follr/package.xml
[0.850s] DEBUG:colcon.colcon_core.task.python.build:While undoing a previous installation files outside the Python library path are being ignored: /home/himel/rosnv_ws/install/tway_follr/lib/tway_follr/tway_follr_node
[0.852s] DEBUG:colcon.colcon_core.event_handler.log_command:Invoking command in '/home/himel/rosnv_ws/build/tway_follr': PYTHONPATH=/home/himel/rosnv_ws/build/tway_follr/prefix_override:/usr/lib/python3/dist-packages/colcon_core/task/python/colcon_distutils_commands:/home/himel/rosnv_ws/install/tway_follr/lib/python3.10/site-packages:${PYTHONPATH} /usr/bin/python3 -W ignore:setup.py install is deprecated -W ignore:easy_install command is deprecated setup.py develop --editable --build-directory /home/himel/rosnv_ws/build/tway_follr/build --no-deps symlink_data --force
[1.249s] Level 1:colcon.colcon_core.shell:create_environment_hook('tway_follr', 'pythonpath_develop')
[1.249s] INFO:colcon.colcon_core.shell:Creating environment hook '/home/himel/rosnv_ws/build/tway_follr/share/tway_follr/hook/pythonpath_develop.ps1'
[1.250s] DEBUG:colcon.colcon_core.event_handler.log_command:Invoked command in '/home/himel/rosnv_ws/build/tway_follr' returned '0': PYTHONPATH=/home/himel/rosnv_ws/build/tway_follr/prefix_override:/usr/lib/python3/dist-packages/colcon_core/task/python/colcon_distutils_commands:/home/himel/rosnv_ws/install/tway_follr/lib/python3.10/site-packages:${PYTHONPATH} /usr/bin/python3 -W ignore:setup.py install is deprecated -W ignore:easy_install command is deprecated setup.py develop --editable --build-directory /home/himel/rosnv_ws/build/tway_follr/build --no-deps symlink_data --force
[1.250s] INFO:colcon.colcon_core.shell:Creating environment descriptor '/home/himel/rosnv_ws/build/tway_follr/share/tway_follr/hook/pythonpath_develop.dsv'
[1.250s] INFO:colcon.colcon_core.shell:Creating environment hook '/home/himel/rosnv_ws/build/tway_follr/share/tway_follr/hook/pythonpath_develop.sh'
[1.253s] Level 1:colcon.colcon_core.environment:checking '/home/himel/rosnv_ws/install/tway_follr' for CMake module files
[1.253s] Level 1:colcon.colcon_core.environment:checking '/home/himel/rosnv_ws/install/tway_follr' for CMake config files
[1.253s] Level 1:colcon.colcon_core.environment:checking '/home/himel/rosnv_ws/install/tway_follr/lib'
[1.254s] Level 1:colcon.colcon_core.environment:checking '/home/himel/rosnv_ws/install/tway_follr/bin'
[1.254s] Level 1:colcon.colcon_core.environment:checking '/home/himel/rosnv_ws/install/tway_follr/lib/pkgconfig/tway_follr.pc'
[1.254s] Level 1:colcon.colcon_core.environment:checking '/home/himel/rosnv_ws/install/tway_follr/lib/python3.10/site-packages'
[1.254s] Level 1:colcon.colcon_core.shell:create_environment_hook('tway_follr', 'pythonpath')
[1.254s] INFO:colcon.colcon_core.shell:Creating environment hook '/home/himel/rosnv_ws/install/tway_follr/share/tway_follr/hook/pythonpath.ps1'
[1.254s] INFO:colcon.colcon_core.shell:Creating environment descriptor '/home/himel/rosnv_ws/install/tway_follr/share/tway_follr/hook/pythonpath.dsv'
[1.255s] INFO:colcon.colcon_core.shell:Creating environment hook '/home/himel/rosnv_ws/install/tway_follr/share/tway_follr/hook/pythonpath.sh'
[1.255s] Level 1:colcon.colcon_core.environment:checking '/home/himel/rosnv_ws/install/tway_follr/bin'
[1.255s] Level 1:colcon.colcon_core.environment:create_environment_scripts_only(tway_follr)
[1.256s] INFO:colcon.colcon_core.shell:Creating package script '/home/himel/rosnv_ws/install/tway_follr/share/tway_follr/package.ps1'
[1.256s] INFO:colcon.colcon_core.shell:Creating package descriptor '/home/himel/rosnv_ws/install/tway_follr/share/tway_follr/package.dsv'
[1.257s] INFO:colcon.colcon_core.shell:Creating package script '/home/himel/rosnv_ws/install/tway_follr/share/tway_follr/package.sh'
[1.257s] INFO:colcon.colcon_core.shell:Creating package script '/home/himel/rosnv_ws/install/tway_follr/share/tway_follr/package.bash'
[1.258s] INFO:colcon.colcon_core.shell:Creating package script '/home/himel/rosnv_ws/install/tway_follr/share/tway_follr/package.zsh'
[1.258s] Level 1:colcon.colcon_core.environment:create_file_with_runtime_dependencies(/home/himel/rosnv_ws/install/tway_follr/share/colcon-core/packages/tway_follr)
[1.259s] DEBUG:colcon.colcon_parallel_executor.executor.parallel:closing loop
[1.259s] DEBUG:colcon.colcon_parallel_executor.executor.parallel:loop closed
[1.259s] DEBUG:colcon.colcon_parallel_executor.executor.parallel:run_until_complete finished with '0'
[1.259s] DEBUG:colcon.colcon_core.event_reactor:joining thread
[1.264s] INFO:colcon.colcon_core.plugin_system:Skipping extension 'colcon_notification.desktop_notification.notify_send': Could not find 'notify-send'
[1.264s] INFO:colcon.colcon_core.plugin_system:Skipping extension 'colcon_notification.desktop_notification.terminal_notifier': Not used on non-Darwin systems
[1.264s] INFO:colcon.colcon_core.plugin_system:Skipping extension 'colcon_notification.desktop_notification.win32': Not used on non-Windows systems
[1.264s] INFO:colcon.colcon_notification.desktop_notification:Sending desktop notification using 'notify2'
[1.268s] DEBUG:colcon.colcon_core.event_reactor:joined thread
[1.268s] INFO:colcon.colcon_core.shell:Creating prefix script '/home/himel/rosnv_ws/install/local_setup.ps1'
[1.270s] INFO:colcon.colcon_core.shell:Creating prefix util module '/home/himel/rosnv_ws/install/_local_setup_util_ps1.py'
[1.272s] INFO:colcon.colcon_core.shell:Creating prefix chain script '/home/himel/rosnv_ws/install/setup.ps1'
[1.273s] INFO:colcon.colcon_core.shell:Creating prefix script '/home/himel/rosnv_ws/install/local_setup.sh'
[1.274s] INFO:colcon.colcon_core.shell:Creating prefix util module '/home/himel/rosnv_ws/install/_local_setup_util_sh.py'
[1.274s] INFO:colcon.colcon_core.shell:Creating prefix chain script '/home/himel/rosnv_ws/install/setup.sh'
[1.276s] INFO:colcon.colcon_core.shell:Creating prefix script '/home/himel/rosnv_ws/install/local_setup.bash'
[1.276s] INFO:colcon.colcon_core.shell:Creating prefix chain script '/home/himel/rosnv_ws/install/setup.bash'
[1.279s] INFO:colcon.colcon_core.shell:Creating prefix script '/home/himel/rosnv_ws/install/local_setup.zsh'
[1.280s] INFO:colcon.colcon_core.shell:Creating prefix chain script '/home/himel/rosnv_ws/install/setup.zsh'
