running egg_info
creating ../../build/tway_follr/tway_follr.egg-info
writing ../../build/tway_follr/tway_follr.egg-info/PKG-INFO
writing dependency_links to ../../build/tway_follr/tway_follr.egg-info/dependency_links.txt
writing entry points to ../../build/tway_follr/tway_follr.egg-info/entry_points.txt
writing requirements to ../../build/tway_follr/tway_follr.egg-info/requires.txt
writing top-level names to ../../build/tway_follr/tway_follr.egg-info/top_level.txt
writing manifest file '../../build/tway_follr/tway_follr.egg-info/SOURCES.txt'
reading manifest file '../../build/tway_follr/tway_follr.egg-info/SOURCES.txt'
writing manifest file '../../build/tway_follr/tway_follr.egg-info/SOURCES.txt'
running build
running build_py
creating /run/host/home/himel/rosnv_ws/build/tway_follr/build
creating /run/host/home/himel/rosnv_ws/build/tway_follr/build/lib
creating /run/host/home/himel/rosnv_ws/build/tway_follr/build/lib/tway_follr
copying tway_follr/__init__.py -> /run/host/home/himel/rosnv_ws/build/tway_follr/build/lib/tway_follr
running install
running install_lib
creating /run/host/home/himel/rosnv_ws/install/tway_follr/lib/python3.10/site-packages/tway_follr
copying /run/host/home/himel/rosnv_ws/build/tway_follr/build/lib/tway_follr/__init__.py -> /run/host/home/himel/rosnv_ws/install/tway_follr/lib/python3.10/site-packages/tway_follr
byte-compiling /run/host/home/himel/rosnv_ws/install/tway_follr/lib/python3.10/site-packages/tway_follr/__init__.py to __init__.cpython-310.pyc
running install_data
creating /run/host/home/himel/rosnv_ws/install/tway_follr/share/ament_index
creating /run/host/home/himel/rosnv_ws/install/tway_follr/share/ament_index/resource_index
creating /run/host/home/himel/rosnv_ws/install/tway_follr/share/ament_index/resource_index/packages
copying resource/tway_follr -> /run/host/home/himel/rosnv_ws/install/tway_follr/share/ament_index/resource_index/packages
copying package.xml -> /run/host/home/himel/rosnv_ws/install/tway_follr/share/tway_follr
running install_egg_info
Copying ../../build/tway_follr/tway_follr.egg-info to /run/host/home/himel/rosnv_ws/install/tway_follr/lib/python3.10/site-packages/tway_follr-0.0.0-py3.10.egg-info
running install_scripts
writing list of installed files to '/run/host/home/himel/rosnv_ws/build/tway_follr/install.log'
