[0.880s] Invoking command in '/run/host/home/himel/rosnv_ws/src/tway_follr': PYTHONPATH=/run/host/home/himel/rosnv_ws/build/tway_follr/prefix_override:/usr/lib/python3/dist-packages/colcon_core/task/python/colcon_distutils_commands:/run/host/home/himel/rosnv_ws/install/tway_follr/lib/python3.10/site-packages:${PYTHONPATH} /usr/bin/python3 -W ignore:setup.py install is deprecated -W ignore:easy_install command is deprecated setup.py egg_info --egg-base ../../build/tway_follr build --build-base /run/host/home/himel/rosnv_ws/build/tway_follr/build install --record /run/host/home/himel/rosnv_ws/build/tway_follr/install.log --single-version-externally-managed install_data
[1.140s] running egg_info
[1.141s] creating ../../build/tway_follr/tway_follr.egg-info
[1.141s] writing ../../build/tway_follr/tway_follr.egg-info/PKG-INFO
[1.141s] writing dependency_links to ../../build/tway_follr/tway_follr.egg-info/dependency_links.txt
[1.141s] writing entry points to ../../build/tway_follr/tway_follr.egg-info/entry_points.txt
[1.141s] writing requirements to ../../build/tway_follr/tway_follr.egg-info/requires.txt
[1.141s] writing top-level names to ../../build/tway_follr/tway_follr.egg-info/top_level.txt
[1.141s] writing manifest file '../../build/tway_follr/tway_follr.egg-info/SOURCES.txt'
[1.143s] reading manifest file '../../build/tway_follr/tway_follr.egg-info/SOURCES.txt'
[1.143s] writing manifest file '../../build/tway_follr/tway_follr.egg-info/SOURCES.txt'
[1.143s] running build
[1.144s] running build_py
[1.144s] creating /run/host/home/himel/rosnv_ws/build/tway_follr/build
[1.144s] creating /run/host/home/himel/rosnv_ws/build/tway_follr/build/lib
[1.144s] creating /run/host/home/himel/rosnv_ws/build/tway_follr/build/lib/tway_follr
[1.144s] copying tway_follr/__init__.py -> /run/host/home/himel/rosnv_ws/build/tway_follr/build/lib/tway_follr
[1.144s] running install
[1.144s] running install_lib
[1.145s] creating /run/host/home/himel/rosnv_ws/install/tway_follr/lib/python3.10/site-packages/tway_follr
[1.145s] copying /run/host/home/himel/rosnv_ws/build/tway_follr/build/lib/tway_follr/__init__.py -> /run/host/home/himel/rosnv_ws/install/tway_follr/lib/python3.10/site-packages/tway_follr
[1.146s] byte-compiling /run/host/home/himel/rosnv_ws/install/tway_follr/lib/python3.10/site-packages/tway_follr/__init__.py to __init__.cpython-310.pyc
[1.146s] running install_data
[1.146s] creating /run/host/home/himel/rosnv_ws/install/tway_follr/share/ament_index
[1.146s] creating /run/host/home/himel/rosnv_ws/install/tway_follr/share/ament_index/resource_index
[1.146s] creating /run/host/home/himel/rosnv_ws/install/tway_follr/share/ament_index/resource_index/packages
[1.146s] copying resource/tway_follr -> /run/host/home/himel/rosnv_ws/install/tway_follr/share/ament_index/resource_index/packages
[1.146s] copying package.xml -> /run/host/home/himel/rosnv_ws/install/tway_follr/share/tway_follr
[1.146s] running install_egg_info
[1.148s] Copying ../../build/tway_follr/tway_follr.egg-info to /run/host/home/himel/rosnv_ws/install/tway_follr/lib/python3.10/site-packages/tway_follr-0.0.0-py3.10.egg-info
[1.148s] running install_scripts
[1.169s] writing list of installed files to '/run/host/home/himel/rosnv_ws/build/tway_follr/install.log'
[1.196s] Invoked command in '/run/host/home/himel/rosnv_ws/src/tway_follr' returned '0': PYTHONPATH=/run/host/home/himel/rosnv_ws/build/tway_follr/prefix_override:/usr/lib/python3/dist-packages/colcon_core/task/python/colcon_distutils_commands:/run/host/home/himel/rosnv_ws/install/tway_follr/lib/python3.10/site-packages:${PYTHONPATH} /usr/bin/python3 -W ignore:setup.py install is deprecated -W ignore:easy_install command is deprecated setup.py egg_info --egg-base ../../build/tway_follr build --build-base /run/host/home/himel/rosnv_ws/build/tway_follr/build install --record /run/host/home/himel/rosnv_ws/build/tway_follr/install.log --single-version-externally-managed install_data
