[0.613s] Invoking command in '/home/himel/rosnv_ws/build/tway_follr': PYTHONPATH=/home/himel/rosnv_ws/build/tway_follr/prefix_override:/usr/lib/python3/dist-packages/colcon_core/task/python/colcon_distutils_commands:/home/himel/rosnv_ws/install/tway_follr/lib/python3.10/site-packages:${PYTHONPATH} /usr/bin/python3 -W ignore:setup.py install is deprecated -W ignore:easy_install command is deprecated setup.py develop --uninstall --editable --build-directory /home/himel/rosnv_ws/build/tway_follr/build
[0.844s] running develop
[0.989s] Removing /home/himel/rosnv_ws/install/tway_follr/lib/python3.10/site-packages/tway-follr.egg-link (link to .)
[1.017s] Invoked command in '/home/himel/rosnv_ws/build/tway_follr' returned '0': PYTHONPATH=/home/himel/rosnv_ws/build/tway_follr/prefix_override:/usr/lib/python3/dist-packages/colcon_core/task/python/colcon_distutils_commands:/home/himel/rosnv_ws/install/tway_follr/lib/python3.10/site-packages:${PYTHONPATH} /usr/bin/python3 -W ignore:setup.py install is deprecated -W ignore:easy_install command is deprecated setup.py develop --uninstall --editable --build-directory /home/himel/rosnv_ws/build/tway_follr/build
[1.018s] Invoking command in '/home/himel/rosnv_ws/src/tway_follr': PYTHONPATH=/home/himel/rosnv_ws/build/tway_follr/prefix_override:/usr/lib/python3/dist-packages/colcon_core/task/python/colcon_distutils_commands:/home/himel/rosnv_ws/install/tway_follr/lib/python3.10/site-packages:${PYTHONPATH} /usr/bin/python3 -W ignore:setup.py install is deprecated -W ignore:easy_install command is deprecated setup.py egg_info --egg-base ../../build/tway_follr build --build-base /home/himel/rosnv_ws/build/tway_follr/build install --record /home/himel/rosnv_ws/build/tway_follr/install.log --single-version-externally-managed install_data --force
[1.253s] running egg_info
[1.254s] writing ../../build/tway_follr/tway_follr.egg-info/PKG-INFO
[1.254s] writing dependency_links to ../../build/tway_follr/tway_follr.egg-info/dependency_links.txt
[1.254s] writing entry points to ../../build/tway_follr/tway_follr.egg-info/entry_points.txt
[1.254s] writing requirements to ../../build/tway_follr/tway_follr.egg-info/requires.txt
[1.254s] writing top-level names to ../../build/tway_follr/tway_follr.egg-info/top_level.txt
[1.256s] reading manifest file '../../build/tway_follr/tway_follr.egg-info/SOURCES.txt'
[1.257s] writing manifest file '../../build/tway_follr/tway_follr.egg-info/SOURCES.txt'
[1.257s] running build
[1.258s] running build_py
[1.258s] copying tway_follr/twayfoll.py -> /home/himel/rosnv_ws/build/tway_follr/build/lib/tway_follr
[1.258s] running install
[1.258s] running install_lib
[1.259s] copying /home/himel/rosnv_ws/build/tway_follr/build/lib/tway_follr/__init__.py -> /home/himel/rosnv_ws/install/tway_follr/lib/python3.10/site-packages/tway_follr
[1.259s] copying /home/himel/rosnv_ws/build/tway_follr/build/lib/tway_follr/twayfoll.py -> /home/himel/rosnv_ws/install/tway_follr/lib/python3.10/site-packages/tway_follr
[1.259s] byte-compiling /home/himel/rosnv_ws/install/tway_follr/lib/python3.10/site-packages/tway_follr/__init__.py to __init__.cpython-310.pyc
[1.260s] byte-compiling /home/himel/rosnv_ws/install/tway_follr/lib/python3.10/site-packages/tway_follr/twayfoll.py to twayfoll.cpython-310.pyc
[1.260s] running install_data
[1.260s] copying resource/tway_follr -> /home/himel/rosnv_ws/install/tway_follr/share/ament_index/resource_index/packages
[1.260s] copying package.xml -> /home/himel/rosnv_ws/install/tway_follr/share/tway_follr
[1.261s] running install_egg_info
[1.262s] Copying ../../build/tway_follr/tway_follr.egg-info to /home/himel/rosnv_ws/install/tway_follr/lib/python3.10/site-packages/tway_follr-0.0.0-py3.10.egg-info
[1.263s] running install_scripts
[1.282s] Installing tway_follr_node script to /home/himel/rosnv_ws/install/tway_follr/lib/tway_follr
[1.282s] writing list of installed files to '/home/himel/rosnv_ws/build/tway_follr/install.log'
[1.304s] Invoked command in '/home/himel/rosnv_ws/src/tway_follr' returned '0': PYTHONPATH=/home/himel/rosnv_ws/build/tway_follr/prefix_override:/usr/lib/python3/dist-packages/colcon_core/task/python/colcon_distutils_commands:/home/himel/rosnv_ws/install/tway_follr/lib/python3.10/site-packages:${PYTHONPATH} /usr/bin/python3 -W ignore:setup.py install is deprecated -W ignore:easy_install command is deprecated setup.py egg_info --egg-base ../../build/tway_follr build --build-base /home/himel/rosnv_ws/build/tway_follr/build install --record /home/himel/rosnv_ws/build/tway_follr/install.log --single-version-externally-managed install_data --force
